2025-11-04 14:06:42.647 | INFO     | __main__:main:198 - ==================================
2025-11-04 14:06:42.647 | INFO     | __main__:main:199 - STARTING prepare_customers_data.py
2025-11-04 14:06:42.647 | INFO     | __main__:main:200 - ==================================
2025-11-04 14:06:42.647 | INFO     | __main__:main:202 - Root         : C:\Repos\smart-store-abdellah
2025-11-04 14:06:42.647 | INFO     | __main__:main:203 - data/raw     : C:\Repos\smart-store-abdellah\data\raw
2025-11-04 14:06:42.647 | INFO     | __main__:main:204 - data/prepared: C:\Repos\smart-store-abdellah\data\prepared
2025-11-04 14:06:42.647 | INFO     | __main__:main:205 - scripts      : C:\Repos\smart-store-abdellah\src\analytics_project
2025-11-04 14:06:42.647 | INFO     | __main__:read_raw_data:59 - READING: C:\Repos\smart-store-abdellah\data\raw\customers_data.csv.
2025-11-04 14:06:42.664 | INFO     | __main__:main:217 - Initial dataframe columns: CustomerID, Name, Region, JoinDate, LoyaltyPoints, PreferredContactMethod
2025-11-04 14:06:42.664 | INFO     | __main__:main:218 - Initial dataframe shape: (201, 6)
2025-11-04 14:06:42.664 | INFO     | __main__:remove_duplicates:95 - FUNCTION START: remove_duplicates with dataframe shape=(201, 6)
2025-11-04 14:06:42.666 | INFO     | __main__:remove_duplicates:106 - Original dataframe shape: (201, 6)
2025-11-04 14:06:42.666 | INFO     | __main__:remove_duplicates:107 - Deduped  dataframe shape: (201, 6)
2025-11-04 14:06:42.667 | INFO     | __main__:handle_missing_values:123 - FUNCTION START: handle_missing_values with dataframe shape=(201, 6)
2025-11-04 14:06:42.667 | INFO     | __main__:handle_missing_values:127 - Total missing values before handling: 54
2025-11-04 14:06:42.671 | INFO     | __main__:handle_missing_values:148 - Total missing values after handling: 0
2025-11-04 14:06:42.672 | INFO     | __main__:handle_missing_values:149 - 201 records remaining after handling missing values.
2025-11-04 14:06:42.672 | INFO     | __main__:remove_outliers:163 - FUNCTION START: remove_outliers with dataframe shape=(201, 6)
2025-11-04 14:06:42.676 | INFO     | __main__:remove_outliers:185 - Removed 0 outlier rows
2025-11-04 14:06:42.676 | INFO     | __main__:remove_outliers:186 - 201 records remaining after removing outliers.
2025-11-04 14:06:42.676 | INFO     | __main__:save_prepared_data:77 - FUNCTION START: save_prepared_data with file_name=customers_prepared.csv, dataframe shape=(201, 6)
2025-11-04 14:06:42.679 | INFO     | __main__:save_prepared_data:80 - Data saved to C:\Repos\smart-store-abdellah\data\prepared\customers_prepared.csv
2025-11-04 14:06:42.680 | INFO     | __main__:main:241 - ==================================
2025-11-04 14:06:42.680 | INFO     | __main__:main:242 - Original shape: (201, 6)
2025-11-04 14:06:42.680 | INFO     | __main__:main:243 - Cleaned shape:  (201, 6)
2025-11-04 14:06:42.681 | INFO     | __main__:main:244 - ==================================
2025-11-04 14:06:42.681 | INFO     | __main__:main:245 - FINISHED prepare_customers_data.py
2025-11-04 14:06:42.681 | INFO     | __main__:main:246 - ==================================
2025-11-04 14:06:46.814 | INFO     | __main__:main:291 - ==================================
2025-11-04 14:06:46.814 | INFO     | __main__:main:292 - STARTING prepare_products_data.py
2025-11-04 14:06:46.814 | INFO     | __main__:main:293 - ==================================
2025-11-04 14:06:46.814 | INFO     | __main__:main:295 - Root         : C:\Repos\smart-store-abdellah
2025-11-04 14:06:46.814 | INFO     | __main__:main:296 - data/raw     : C:\Repos\smart-store-abdellah\data\raw
2025-11-04 14:06:46.814 | INFO     | __main__:main:297 - data/prepared: C:\Repos\smart-store-abdellah\data\prepared
2025-11-04 14:06:46.814 | INFO     | __main__:main:298 - scripts      : C:\Repos\smart-store-abdellah\src\analytics_project
2025-11-04 14:06:46.814 | INFO     | __main__:read_raw_data:65 - FUNCTION START: read_raw_data with file_name=products_data.csv
2025-11-04 14:06:46.814 | INFO     | __main__:read_raw_data:67 - Reading data from C:\Repos\smart-store-abdellah\data\raw\products_data.csv
2025-11-04 14:06:46.814 | INFO     | __main__:read_raw_data:69 - Loaded dataframe with 100 rows and 6 columns
2025-11-04 14:06:46.814 | INFO     | __main__:read_raw_data:72 - Column dtypes:
ProductID          int64
ProductName       object
Category          object
UnitPrice        float64
StockQuantity      int64
SupplierName      object
dtype: object
2025-11-04 14:06:46.828 | INFO     | __main__:read_raw_data:73 - Unique values per column:
ProductID        100
ProductName       98
Category           4
UnitPrice        100
StockQuantity     67
SupplierName       4
dtype: int64
2025-11-04 14:06:46.830 | INFO     | __main__:read_raw_data:75 - Missing values (%):
ProductID         0.0
ProductName       0.0
Category          0.0
UnitPrice         0.0
StockQuantity     0.0
SupplierName     10.0
dtype: float64
2025-11-04 14:06:46.831 | INFO     | __main__:read_raw_data:65 - FUNCTION START: read_raw_data with file_name=products_data.csv
2025-11-04 14:06:46.831 | INFO     | __main__:read_raw_data:67 - Reading data from C:\Repos\smart-store-abdellah\data\raw\products_data.csv
2025-11-04 14:06:46.834 | INFO     | __main__:read_raw_data:69 - Loaded dataframe with 100 rows and 6 columns
2025-11-04 14:06:46.835 | INFO     | __main__:read_raw_data:72 - Column dtypes:
ProductID          int64
ProductName       object
Category          object
UnitPrice        float64
StockQuantity      int64
SupplierName      object
dtype: object
2025-11-04 14:06:46.837 | INFO     | __main__:read_raw_data:73 - Unique values per column:
ProductID        100
ProductName       98
Category           4
UnitPrice        100
StockQuantity     67
SupplierName       4
dtype: int64
2025-11-04 14:06:46.866 | INFO     | __main__:read_raw_data:75 - Missing values (%):
ProductID         0.0
ProductName       0.0
Category          0.0
UnitPrice         0.0
StockQuantity     0.0
SupplierName     10.0
dtype: float64
2025-11-04 14:06:46.884 | INFO     | __main__:main:313 - Initial dataframe columns: ProductID, ProductName, Category, UnitPrice, StockQuantity, SupplierName
2025-11-04 14:06:46.887 | INFO     | __main__:main:314 - Initial dataframe shape: (100, 6)
2025-11-04 14:06:46.889 | INFO     | __main__:main:323 - Cleaned column names: ProductID -> productid, ProductName -> productname, Category -> category, UnitPrice -> unitprice, StockQuantity -> stockquantity, SupplierName -> suppliername
2025-11-04 14:06:46.889 | INFO     | __main__:remove_duplicates:101 - FUNCTION START: remove_duplicates with dataframe shape=(100, 6)
2025-11-04 14:06:46.891 | INFO     | __main__:remove_duplicates:109 - Removed 0 duplicate rows
2025-11-04 14:06:46.892 | INFO     | __main__:remove_duplicates:110 - 100 records remaining after removing duplicates.
2025-11-04 14:06:46.892 | INFO     | __main__:handle_missing_values:124 - FUNCTION START: handle_missing_values with dataframe shape=(100, 6)
2025-11-04 14:06:46.894 | INFO     | __main__:handle_missing_values:129 - Missing values by column before handling:
productid         0
productname       0
category          0
unitprice         0
stockquantity     0
suppliername     10
dtype: int64
2025-11-04 14:06:46.895 | INFO     | __main__:handle_missing_values:161 - Missing values by column after handling:
productid         0
productname       0
category          0
unitprice         0
stockquantity     0
suppliername     10
dtype: int64
2025-11-04 14:06:46.896 | INFO     | __main__:handle_missing_values:162 - 100 records remaining after handling missing values.
2025-11-04 14:06:46.898 | INFO     | __main__:remove_outliers:176 - FUNCTION START: remove_outliers with dataframe shape=(100, 6)
2025-11-04 14:06:46.905 | INFO     | __main__:remove_outliers:195 - Applied IQR outlier removal to unitprice: bounds [-518.0887499999999, 1544.90125]
2025-11-04 14:06:46.908 | INFO     | __main__:remove_outliers:195 - Applied IQR outlier removal to stockquantity: bounds [-35.625, 141.375]
2025-11-04 14:06:46.909 | INFO     | __main__:remove_outliers:205 - Removed 0 outlier rows
2025-11-04 14:06:46.909 | INFO     | __main__:remove_outliers:206 - 100 records remaining after removing outliers.
2025-11-04 14:06:46.909 | INFO     | __main__:validate_data:258 - FUNCTION START: validate_data with dataframe shape=(100, 6)
2025-11-04 14:06:46.911 | INFO     | __main__:validate_data:267 - Validated productid: removed 0 invalid/duplicate rows
2025-11-04 14:06:46.912 | INFO     | __main__:validate_data:284 - Data validation complete
2025-11-04 14:06:46.913 | INFO     | __main__:standardize_formats:219 - FUNCTION START: standardize_formats with dataframe shape=(100, 6)
2025-11-04 14:06:46.917 | INFO     | __main__:standardize_formats:245 - Completed standardizing formats
2025-11-04 14:06:46.917 | INFO     | __main__:save_prepared_data:86 - FUNCTION START: save_prepared_data with file_name=products_prepared.csv, dataframe shape=(100, 6)
2025-11-04 14:06:46.921 | INFO     | __main__:save_prepared_data:89 - Data saved to C:\Repos\smart-store-abdellah\data\prepared\products_prepared.csv
2025-11-04 14:06:46.921 | INFO     | __main__:main:343 - ==================================
2025-11-04 14:06:46.922 | INFO     | __main__:main:344 - Original shape: (100, 6)
2025-11-04 14:06:46.922 | INFO     | __main__:main:345 - Cleaned shape:  (100, 6)
2025-11-04 14:06:46.922 | INFO     | __main__:main:346 - ==================================
2025-11-04 14:06:46.922 | INFO     | __main__:main:347 - FINISHED prepare_products_data.py
2025-11-04 14:06:46.923 | INFO     | __main__:main:348 - ==================================
2025-11-04 14:06:50.346 | INFO     | __main__:main:186 - ==================================
2025-11-04 14:06:50.347 | INFO     | __main__:main:187 - STARTING prepare_sales_data.py
2025-11-04 14:06:50.347 | INFO     | __main__:main:188 - ==================================
2025-11-04 14:06:50.347 | INFO     | __main__:main:190 - Root         : C:\Repos\smart-store-abdellah
2025-11-04 14:06:50.347 | INFO     | __main__:main:191 - data/raw     : C:\Repos\smart-store-abdellah\data\raw
2025-11-04 14:06:50.347 | INFO     | __main__:main:192 - data/prepared: C:\Repos\smart-store-abdellah\data\prepared
2025-11-04 14:06:50.347 | INFO     | __main__:main:193 - scripts      : C:\Repos\smart-store-abdellah\src\analytics_project
2025-11-04 14:06:50.347 | INFO     | __main__:read_raw_data:165 - FUNCTION START: read_raw_data with file_name=sales_data.csv
2025-11-04 14:06:50.347 | INFO     | __main__:read_raw_data:167 - Reading data from C:\Repos\smart-store-abdellah\data\raw\sales_data.csv
2025-11-04 14:06:50.347 | INFO     | __main__:read_raw_data:169 - Loaded dataframe with 2001 rows and 9 columns
2025-11-04 14:06:50.347 | INFO     | __main__:read_raw_data:172 - Column datatypes: 
TransactionID        int64
SaleDate            object
CustomerID           int64
ProductID            int64
StoreID              int64
CampaignID         float64
SaleAmount          object
DiscountPercent     object
PaymentType         object
dtype: object
2025-11-04 14:06:50.358 | INFO     | __main__:read_raw_data:173 - Number of unique values: 
TransactionID      2000
SaleDate              2
CustomerID          201
ProductID           100
StoreID               4
CampaignID            4
SaleAmount          915
DiscountPercent      62
PaymentType           3
dtype: int64
2025-11-04 14:06:50.359 | INFO     | __main__:main:205 - Initial dataframe columns: TransactionID, SaleDate, CustomerID, ProductID, StoreID, CampaignID, SaleAmount, DiscountPercent, PaymentType
2025-11-04 14:06:50.359 | INFO     | __main__:main:206 - Initial dataframe shape: (2001, 9)
2025-11-04 14:06:50.359 | INFO     | __main__:remove_duplicates:69 - FUNCTION START: remove_duplicates with dataframe shape=(2001, 9)
2025-11-04 14:06:50.360 | INFO     | __main__:remove_duplicates:75 - Removed 1 duplicate rows; remaining 2000
2025-11-04 14:06:50.361 | INFO     | __main__:handle_missing_values:83 - FUNCTION START: handle_missing_values with dataframe shape=(2000, 9)
2025-11-04 14:06:50.364 | INFO     | __main__:handle_missing_values:92 - Dropped 0 rows missing TransactionID
2025-11-04 14:06:50.368 | INFO     | __main__:handle_missing_values:99 - Found 1 invalid SaleDate values; dropping those rows
2025-11-04 14:06:50.380 | INFO     | __main__:handle_missing_values:123 - Missing values handled
2025-11-04 14:06:50.381 | INFO     | __main__:remove_outliers:131 - FUNCTION START: remove_outliers with dataframe shape=(1999, 9)
2025-11-04 14:06:50.384 | INFO     | __main__:remove_outliers:143 - IQR filter on SaleAmount: kept within [-1642.8175, 3406.5225]
2025-11-04 14:06:50.386 | INFO     | __main__:remove_outliers:143 - IQR filter on DiscountPercent: kept within [-15.5, 44.5]
2025-11-04 14:06:50.387 | INFO     | __main__:remove_outliers:151 - Removed 66 outlier rows; remaining 1933
2025-11-04 14:06:50.388 | INFO     | __main__:save_prepared_data:59 - FUNCTION START: save_prepared_data with file_name=sales_prepared.csv, dataframe shape=(1933, 9)
2025-11-04 14:06:50.402 | INFO     | __main__:save_prepared_data:62 - Data saved to C:\Repos\smart-store-abdellah\data\prepared\sales_prepared.csv
2025-11-04 14:06:50.402 | INFO     | __main__:main:230 - ==================================
2025-11-04 14:06:50.403 | INFO     | __main__:main:231 - Original shape: (1933, 9)
2025-11-04 14:06:50.403 | INFO     | __main__:main:232 - Cleaned shape:  (2001, 9)
2025-11-04 14:06:50.403 | INFO     | __main__:main:233 - ==================================
2025-11-04 14:06:50.403 | INFO     | __main__:main:234 - FINISHED prepare_sales_data.py
2025-11-04 14:06:50.403 | INFO     | __main__:main:235 - ==================================
